app/build/intermediates/manifest_merge_blame_file/debug/manifest-merger-blame-debug-report.txt
1<?xml version="1.0" encoding="utf-8"?>
2<manifest xmlns:android="http://schemas.android.com/apk/res/android"
3    package="com.geotracker"
4    android:versionCode="1"
5    android:versionName="1.0" >
6
7    <uses-sdk
8        android:minSdkVersion="26"
9        android:targetSdkVersion="34" />
10
11    <uses-permission android:name="android.permission.ACCESS_FINE_LOCATION" />
11-->src/main/AndroidManifest.xml:4:5-79
11-->src/main/AndroidManifest.xml:4:22-76
12    <uses-permission android:name="android.permission.ACCESS_COARSE_LOCATION" />
12-->src/main/AndroidManifest.xml:5:5-81
12-->src/main/AndroidManifest.xml:5:22-78
13    <uses-permission android:name="android.permission.FOREGROUND_SERVICE" />
13-->src/main/AndroidManifest.xml:6:5-77
13-->src/main/AndroidManifest.xml:6:22-74
14    <uses-permission android:name="android.permission.FOREGROUND_SERVICE_LOCATION" />
14-->src/main/AndroidManifest.xml:7:5-86
14-->src/main/AndroidManifest.xml:7:22-83
15    <uses-permission android:name="android.permission.POST_NOTIFICATIONS" />
15-->src/main/AndroidManifest.xml:8:5-77
15-->src/main/AndroidManifest.xml:8:22-74
16    <uses-permission android:name="android.permission.INTERNET" />
16-->src/main/AndroidManifest.xml:9:5-67
16-->src/main/AndroidManifest.xml:9:22-64
17    <uses-permission android:name="android.permission.ACCESS_NETWORK_STATE" />
17-->src/main/AndroidManifest.xml:10:5-79
17-->src/main/AndroidManifest.xml:10:22-76
18    <uses-permission
18-->src/main/AndroidManifest.xml:11:5-12:38
19        android:name="android.permission.WRITE_EXTERNAL_STORAGE"
19-->src/main/AndroidManifest.xml:11:22-78
20        android:maxSdkVersion="28" />
20-->src/main/AndroidManifest.xml:12:9-35
21    <uses-permission android:name="android.permission.WAKE_LOCK" />
21-->src/main/AndroidManifest.xml:13:5-68
21-->src/main/AndroidManifest.xml:13:22-65
22
23    <permission
23-->[androidx.core:core:1.12.0] AndroidManifest.xml:22:5-24:47
24        android:name="com.geotracker.DYNAMIC_RECEIVER_NOT_EXPORTED_PERMISSION"
24-->[androidx.core:core:1.12.0] AndroidManifest.xml:23:9-81
25        android:protectionLevel="signature" />
25-->[androidx.core:core:1.12.0] AndroidManifest.xml:24:9-44
26
27    <uses-permission android:name="com.geotracker.DYNAMIC_RECEIVER_NOT_EXPORTED_PERMISSION" />
27-->[androidx.core:core:1.12.0] AndroidManifest.xml:26:5-97
27-->[androidx.core:core:1.12.0] AndroidManifest.xml:26:22-94
28
29    <supports-screens
29-->[org.osmdroid:osmdroid-android:6.1.18] AndroidManifest.xml:9:5-12:40
30        android:anyDensity="true"
30-->[org.osmdroid:osmdroid-android:6.1.18] AndroidManifest.xml:10:9-34
31        android:largeScreens="true"
31-->[org.osmdroid:osmdroid-android:6.1.18] AndroidManifest.xml:11:9-36
32        android:normalScreens="true" />
32-->[org.osmdroid:osmdroid-android:6.1.18] AndroidManifest.xml:12:9-37
33
34    <uses-feature
34-->[org.osmdroid:osmdroid-android:6.1.18] AndroidManifest.xml:14:5-16:36
35        android:name="android.hardware.location.network"
35-->[org.osmdroid:osmdroid-android:6.1.18] AndroidManifest.xml:15:9-57
36        android:required="false" />
36-->[org.osmdroid:osmdroid-android:6.1.18] AndroidManifest.xml:16:9-33
37    <uses-feature
37-->[org.osmdroid:osmdroid-android:6.1.18] AndroidManifest.xml:17:5-19:36
38        android:name="android.hardware.location.gps"
38-->[org.osmdroid:osmdroid-android:6.1.18] AndroidManifest.xml:18:9-53
39        android:required="false" />
39-->[org.osmdroid:osmdroid-android:6.1.18] AndroidManifest.xml:19:9-33
40    <uses-feature
40-->[org.osmdroid:osmdroid-android:6.1.18] AndroidManifest.xml:20:5-22:36
41        android:name="android.hardware.telephony"
41-->[org.osmdroid:osmdroid-android:6.1.18] AndroidManifest.xml:21:9-50
42        android:required="false" />
42-->[org.osmdroid:osmdroid-android:6.1.18] AndroidManifest.xml:22:9-33
43    <uses-feature
43-->[org.osmdroid:osmdroid-android:6.1.18] AndroidManifest.xml:23:5-25:36
44        android:name="android.hardware.wifi"
44-->[org.osmdroid:osmdroid-android:6.1.18] AndroidManifest.xml:24:9-45
45        android:required="false" />
45-->[org.osmdroid:osmdroid-android:6.1.18] AndroidManifest.xml:25:9-33
46
47    <application
47-->src/main/AndroidManifest.xml:15:5-60:19
48        android:allowBackup="true"
48-->src/main/AndroidManifest.xml:16:9-35
49        android:appComponentFactory="androidx.core.app.CoreComponentFactory"
49-->[androidx.core:core:1.12.0] AndroidManifest.xml:28:18-86
50        android:debuggable="true"
51        android:extractNativeLibs="false"
52        android:icon="@mipmap/ic_launcher"
52-->src/main/AndroidManifest.xml:17:9-43
53        android:label="@string/app_name"
53-->src/main/AndroidManifest.xml:18:9-41
54        android:roundIcon="@mipmap/ic_launcher_round"
54-->src/main/AndroidManifest.xml:19:9-54
55        android:supportsRtl="true"
55-->src/main/AndroidManifest.xml:20:9-35
56        android:theme="@style/Theme.GeoTracker" >
56-->src/main/AndroidManifest.xml:21:9-48
57        <activity
57-->src/main/AndroidManifest.xml:23:9-30:20
58            android:name="com.geotracker.MainActivity"
58-->src/main/AndroidManifest.xml:24:13-41
59            android:exported="true" >
59-->src/main/AndroidManifest.xml:25:13-36
60            <intent-filter>
60-->src/main/AndroidManifest.xml:26:13-29:29
61                <action android:name="android.intent.action.MAIN" />
61-->src/main/AndroidManifest.xml:27:17-69
61-->src/main/AndroidManifest.xml:27:25-66
62
63                <category android:name="android.intent.category.LAUNCHER" />
63-->src/main/AndroidManifest.xml:28:17-77
63-->src/main/AndroidManifest.xml:28:27-74
64            </intent-filter>
65        </activity>
66        <activity
66-->src/main/AndroidManifest.xml:32:9-33:40
67            android:name="com.geotracker.TrackingActivity"
67-->src/main/AndroidManifest.xml:32:19-51
68            android:exported="false" />
68-->src/main/AndroidManifest.xml:33:13-37
69        <activity
69-->src/main/AndroidManifest.xml:35:9-36:40
70            android:name="com.geotracker.DashboardActivity"
70-->src/main/AndroidManifest.xml:35:19-52
71            android:exported="false" />
71-->src/main/AndroidManifest.xml:36:13-37
72        <activity
72-->src/main/AndroidManifest.xml:38:9-39:40
73            android:name="com.geotracker.JourneyDetailActivity"
73-->src/main/AndroidManifest.xml:38:19-56
74            android:exported="false" />
74-->src/main/AndroidManifest.xml:39:13-37
75        <activity
75-->src/main/AndroidManifest.xml:41:9-42:40
76            android:name="com.geotracker.PlaybackActivity"
76-->src/main/AndroidManifest.xml:41:19-51
77            android:exported="false" />
77-->src/main/AndroidManifest.xml:42:13-37
78
79        <service
79-->src/main/AndroidManifest.xml:44:9-48:44
80            android:name="com.geotracker.service.TrackingService"
80-->src/main/AndroidManifest.xml:45:13-52
81            android:exported="false"
81-->src/main/AndroidManifest.xml:47:13-37
82            android:foregroundServiceType="location"
82-->src/main/AndroidManifest.xml:46:13-53
83            android:stopWithTask="false" />
83-->src/main/AndroidManifest.xml:48:13-41
84
85        <provider
85-->src/main/AndroidManifest.xml:50:9-58:20
86            android:name="androidx.core.content.FileProvider"
86-->src/main/AndroidManifest.xml:51:13-62
87            android:authorities="com.geotracker.fileprovider"
87-->src/main/AndroidManifest.xml:52:13-62
88            android:exported="false"
88-->src/main/AndroidManifest.xml:53:13-37
89            android:grantUriPermissions="true" >
89-->src/main/AndroidManifest.xml:54:13-47
90            <meta-data
90-->src/main/AndroidManifest.xml:55:13-57:54
91                android:name="android.support.FILE_PROVIDER_PATHS"
91-->src/main/AndroidManifest.xml:56:17-67
92                android:resource="@xml/file_paths" />
92-->src/main/AndroidManifest.xml:57:17-51
93        </provider>
94        <provider
94-->[androidx.emoji2:emoji2:1.2.0] AndroidManifest.xml:24:9-32:20
95            android:name="androidx.startup.InitializationProvider"
95-->[androidx.emoji2:emoji2:1.2.0] AndroidManifest.xml:25:13-67
96            android:authorities="com.geotracker.androidx-startup"
96-->[androidx.emoji2:emoji2:1.2.0] AndroidManifest.xml:26:13-68
97            android:exported="false" >
97-->[androidx.emoji2:emoji2:1.2.0] AndroidManifest.xml:27:13-37
98            <meta-data
98-->[androidx.emoji2:emoji2:1.2.0] AndroidManifest.xml:29:13-31:52
99                android:name="androidx.emoji2.text.EmojiCompatInitializer"
99-->[androidx.emoji2:emoji2:1.2.0] AndroidManifest.xml:30:17-75
100                android:value="androidx.startup" />
100-->[androidx.emoji2:emoji2:1.2.0] AndroidManifest.xml:31:17-49
101            <meta-data
101-->[androidx.lifecycle:lifecycle-process:2.7.0] AndroidManifest.xml:29:13-31:52
102                android:name="androidx.lifecycle.ProcessLifecycleInitializer"
102-->[androidx.lifecycle:lifecycle-process:2.7.0] AndroidManifest.xml:30:17-78
103                android:value="androidx.startup" />
103-->[androidx.lifecycle:lifecycle-process:2.7.0] AndroidManifest.xml:31:17-49
104            <meta-data
104-->[androidx.profileinstaller:profileinstaller:1.3.0] AndroidManifest.xml:29:13-31:52
105                android:name="androidx.profileinstaller.ProfileInstallerInitializer"
105-->[androidx.profileinstaller:profileinstaller:1.3.0] AndroidManifest.xml:30:17-85
106                android:value="androidx.startup" />
106-->[androidx.profileinstaller:profileinstaller:1.3.0] AndroidManifest.xml:31:17-49
107        </provider>
108
109        <service
109-->[androidx.room:room-runtime:2.6.1] AndroidManifest.xml:24:9-28:63
110            android:name="androidx.room.MultiInstanceInvalidationService"
110-->[androidx.room:room-runtime:2.6.1] AndroidManifest.xml:25:13-74
111            android:directBootAware="true"
111-->[androidx.room:room-runtime:2.6.1] AndroidManifest.xml:26:13-43
112            android:exported="false" />
112-->[androidx.room:room-runtime:2.6.1] AndroidManifest.xml:27:13-37
113
114        <receiver
114-->[androidx.profileinstaller:profileinstaller:1.3.0] AndroidManifest.xml:34:9-52:20
115            android:name="androidx.profileinstaller.ProfileInstallReceiver"
115-->[androidx.profileinstaller:profileinstaller:1.3.0] AndroidManifest.xml:35:13-76
116            android:directBootAware="false"
116-->[androidx.profileinstaller:profileinstaller:1.3.0] AndroidManifest.xml:36:13-44
117            android:enabled="true"
117-->[androidx.profileinstaller:profileinstaller:1.3.0] AndroidManifest.xml:37:13-35
118            android:exported="true"
118-->[androidx.profileinstaller:profileinstaller:1.3.0] AndroidManifest.xml:38:13-36
119            android:permission="android.permission.DUMP" >
119-->[androidx.profileinstaller:profileinstaller:1.3.0] AndroidManifest.xml:39:13-57
120            <intent-filter>
120-->[androidx.profileinstaller:profileinstaller:1.3.0] AndroidManifest.xml:40:13-42:29
121                <action android:name="androidx.profileinstaller.action.INSTALL_PROFILE" />
121-->[androidx.profileinstaller:profileinstaller:1.3.0] AndroidManifest.xml:41:17-91
121-->[androidx.profileinstaller:profileinstaller:1.3.0] AndroidManifest.xml:41:25-88
122            </intent-filter>
123            <intent-filter>
123-->[androidx.profileinstaller:profileinstaller:1.3.0] AndroidManifest.xml:43:13-45:29
124                <action android:name="androidx.profileinstaller.action.SKIP_FILE" />
124-->[androidx.profileinstaller:profileinstaller:1.3.0] AndroidManifest.xml:44:17-85
124-->[androidx.profileinstaller:profileinstaller:1.3.0] AndroidManifest.xml:44:25-82
125            </intent-filter>
126            <intent-filter>
126-->[androidx.profileinstaller:profileinstaller:1.3.0] AndroidManifest.xml:46:13-48:29
127                <action android:name="androidx.profileinstaller.action.SAVE_PROFILE" />
127-->[androidx.profileinstaller:profileinstaller:1.3.0] AndroidManifest.xml:47:17-88
127-->[androidx.profileinstaller:profileinstaller:1.3.0] AndroidManifest.xml:47:25-85
128            </intent-filter>
129            <intent-filter>
129-->[androidx.profileinstaller:profileinstaller:1.3.0] AndroidManifest.xml:49:13-51:29
130                <action android:name="androidx.profileinstaller.action.BENCHMARK_OPERATION" />
130-->[androidx.profileinstaller:profileinstaller:1.3.0] AndroidManifest.xml:50:17-95
130-->[androidx.profileinstaller:profileinstaller:1.3.0] AndroidManifest.xml:50:25-92
131            </intent-filter>
132        </receiver>
133    </application>
134
135</manifest>